#
# A fatal error has been detected by the Java Runtime Environment:
#
#  EXCEPTION_ACCESS_VIOLATION (0xc0000005) at pc=0x00007fff670de416, pid=9668, tid=8972
#
# JRE version: OpenJDK Runtime Environment Corretto-11.0.11.9.1 (11.0.11+9) (build 11.0.11+9-LTS)
# Java VM: OpenJDK 64-Bit Server VM Corretto-11.0.11.9.1 (11.0.11+9-LTS, mixed mode, tiered, compressed oops, g1 gc, windows-amd64)
# Problematic frame:
# V  [jvm.dll+0x18e416]
#
# No core dump will be written. Minidumps are not enabled by default on client versions of Windows
#
# If you would like to submit a bug report, please visit:
#   https://github.com/corretto/corretto-11/issues/
#

---------------  S U M M A R Y ------------

Command Line: -XX:TieredStopAtLevel=1 -Xverify:none -Dspring.output.ansi.enabled=always -javaagent:C:\Program Files\JetBrains\IntelliJ IDEA 2021.1.2\lib\idea_rt.jar=56597:C:\Program Files\JetBrains\IntelliJ IDEA 2021.1.2\bin -Dcom.sun.management.jmxremote -Dspring.jmx.enabled=true -Dspring.liveBeansView.mbeanDomain -Dspring.application.admin.enabled=true -Dfile.encoding=UTF-8 com.proyecto.desarrollo.Application

Host: AMD FX(tm)-6300 Six-Core Processor             , 6 cores, 7G,  Windows 10 , 64 bit Build 19041 (10.0.19041.804)
Time: Wed Jun 23 22:09:12 2021 Hora estándar de Venezuela elapsed time: 6.262573 seconds (0d 0h 0m 6s)

---------------  T H R E A D  ---------------

Current thread (0x0000022a84faa000):  GCTaskThread "GC Thread#5" [stack: 0x000000c507600000,0x000000c507700000] [id=8972]

Stack: [0x000000c507600000,0x000000c507700000],  sp=0x000000c5076ff878,  free space=1022k
Native frames: (J=compiled Java code, j=interpreted, Vv=VM code, C=native code)
V  [jvm.dll+0x18e416]


siginfo: EXCEPTION_ACCESS_VIOLATION (0xc0000005), reading address 0x000000078b295a80


Register to memory mapping:

RIP=0x00007fff670de416 jvm.dll
RAX=0x0000000000000001 is an unknown value
RBX=0x0000000085770904 is pointing into object: sun.net.www.protocol.jar.URLJarFile 
{0x00000000857708f0} - klass: 'sun/net/www/protocol/jar/URLJarFile'
RCX=0x0000000087965ba8 is pointing into object: [B 
{0x0000000087965ae8} - klass: {type array byte}
 - length: 3169
RDX=0x0000000087965ba8 is pointing into object: [B 
{0x0000000087965ae8} - klass: {type array byte}
 - length: 3169
RSP=0x000000c5076ff878 points into unknown readable memory: 0x00007fff6724ce0e | 0e ce 24 67 ff 7f 00 00
RBP=0x0000022a85c4ecf0 points into unknown readable memory: 0x00007fff677d8608 | 08 86 7d 67 ff 7f 00 00
RSI=0x0000022a85c4ecf0 points into unknown readable memory: 0x00007fff677d8608 | 08 86 7d 67 ff 7f 00 00
RDI=0x0000000000000001 is an unknown value
R8 =0x0000000087965ba8 is pointing into object: [B 
{0x0000000087965ae8} - klass: {type array byte}
 - length: 3169
R9 =0x000000078b295a78 is an unknown value
R10=0x0000000085770904 is pointing into object: sun.net.www.protocol.jar.URLJarFile 
{0x00000000857708f0} - klass: 'sun/net/www/protocol/jar/URLJarFile'
R11=0x0000022a85c4ee60 points into unknown readable memory: 0x00007fff677d85c0 | c0 85 7d 67 ff 7f 00 00
R12=0x0 is NULL
R13=0x00000000000003d8 is an unknown value
R14=0x0000000087965ba8 is pointing into object: [B 
{0x0000000087965ae8} - klass: {type array byte}
 - length: 3169
R15=0x03df9ffac2e24381 is an unknown value


Registers:
RAX=0x0000000000000001, RBX=0x0000000085770904, RCX=0x0000000087965ba8, RDX=0x0000000087965ba8
RSP=0x000000c5076ff878, RBP=0x0000022a85c4ecf0, RSI=0x0000022a85c4ecf0, RDI=0x0000000000000001
R8 =0x0000000087965ba8, R9 =0x000000078b295a78, R10=0x0000000085770904, R11=0x0000022a85c4ee60
R12=0x0000000000000000, R13=0x00000000000003d8, R14=0x0000000087965ba8, R15=0x03df9ffac2e24381
RIP=0x00007fff670de416, EFLAGS=0x0000000000010206

Top of Stack: (sp=0x000000c5076ff878)
0x000000c5076ff878:   00007fff6724ce0e 0000000085770801
0x000000c5076ff888:   0000022a85c4ecf0 00000000857708f0
0x000000c5076ff898:   000000008551dea8 0000000000000001
0x000000c5076ff8a8:   00007fff6724d269 0000002f8583c301
0x000000c5076ff8b8:   000000008583c398 0000022a85c4ecf0
0x000000c5076ff8c8:   0000000000000000 0000022ae23e6310
0x000000c5076ff8d8:   00000000000003d8 0000000000000000
0x000000c5076ff8e8:   0000022a85c4ecf0 000000c5076ffae0
0x000000c5076ff8f8:   00007fff6722654b 0000022ae23e65b0
0x000000c5076ff908:   0000000000000300 0000007a5512d609
0x000000c5076ff918:   0000000085770904 0000022ae23e6290
0x000000c5076ff928:   00007fff6724db9b 0000000000000868
0x000000c5076ff938:   0000022ae243e4c0 0000000000000011
0x000000c5076ff948:   000000008583c38c 000006c50000071c
0x000000c5076ff958:   00007fff6724db9b 0000041e000005b0
0x000000c5076ff968:   0000047900001e15 000000008583c310 

Instructions: (pc=0x00007fff670de416)
0x00007fff670de316:   eb 04 48 8b 43 08 81 78 08 00 00 00 c0 73 7d 48
0x00007fff670de326:   8b 4f 38 48 8b d3 48 8b 01 ff 50 20 84 c0 75 6c
0x00007fff670de336:   38 05 75 83 8e 00 74 15 8b 53 08 8b 0d 91 d3 89
0x00007fff670de346:   00 48 d3 e2 48 03 15 7f d3 89 00 eb 04 48 8b 53
0x00007fff670de356:   08 48 8b cb 48 89 5c 24 20 e8 ac 00 00 00 80 7f
0x00007fff670de366:   30 00 48 63 c8 48 89 4c 24 28 0f 28 44 24 20 74
0x00007fff670de376:   17 0f 11 86 98 03 00 00 48 8b 5c 24 40 48 8b 74
0x00007fff670de386:   24 48 48 83 c4 30 5f c3 48 8b 07 48 8d 54 24 20
0x00007fff670de396:   48 8b cf 66 0f 7f 44 24 20 ff 50 38 48 8b 5c 24
0x00007fff670de3a6:   40 48 8b 74 24 48 48 83 c4 30 5f c3 cc cc cc cc
0x00007fff670de3b6:   cc cc cc cc cc cc cc cc cc cc 48 8b 49 38 48 8b
0x00007fff670de3c6:   01 48 ff 60 28 cc cc cc cc cc 80 3d da 82 8e 00
0x00007fff670de3d6:   00 48 8b c1 74 1b 8b 51 08 8b 0d f3 d2 89 00 48
0x00007fff670de3e6:   d3 e2 48 8b c8 48 03 15 de d2 89 00 e9 19 00 00
0x00007fff670de3f6:   00 48 8b 51 08 48 8b c8 e9 0d 00 00 00 cc cc cc
0x00007fff670de406:   cc cc cc cc cc cc cc cc cc cc 4c 8b ca 48 8b d1
0x00007fff670de416:   45 8b 41 08 45 85 c0 7e 0e 41 f6 c0 01 75 56 41
0x00007fff670de426:   c1 f8 03 41 8b c0 c3 79 4c 80 3d 7b 82 8e 00 00
0x00007fff670de436:   b8 0c 00 00 00 b9 10 00 00 00 0f 45 c8 8b 05 1b
0x00007fff670de446:   02 88 00 ff c8 4c 63 c8 48 63 14 11 41 8b c8 83
0x00007fff670de456:   e1 3f 48 d3 e2 41 8b c8 48 c1 f9 10 0f b6 c1 49
0x00007fff670de466:   8d 0c 11 49 f7 d1 48 03 c1 49 c1 e9 03 48 c1 e8
0x00007fff670de476:   03 41 23 c1 c3 49 8b 01 49 8b c9 48 ff a0 10 01
0x00007fff670de486:   00 00 cc cc cc cc cc cc cc cc 48 8b c2 c3 cc cc
0x00007fff670de496:   cc cc cc cc cc cc cc cc cc cc 48 83 ec 38 0f 10
0x00007fff670de4a6:   02 48 8b 49 38 48 8d 54 24 20 0f 29 44 24 20 e8
0x00007fff670de4b6:   16 f0 ff ff 48 83 c4 38 c3 cc 48 83 ec 38 0f 10
0x00007fff670de4c6:   02 48 8b 01 48 8d 54 24 20 0f 29 44 24 20 ff 50
0x00007fff670de4d6:   38 48 83 c4 38 c3 cc cc cc cc 48 89 5c 24 08 55
0x00007fff670de4e6:   56 57 41 54 41 55 41 56 41 57 48 8d 6c 24 e0 48
0x00007fff670de4f6:   81 ec 20 01 00 00 48 8b 05 95 59 8b 00 48 33 c4
0x00007fff670de506:   48 89 45 10 48 8b 05 7f ef 8d 00 45 33 ed 4c 8b 


Stack slot to memory mapping:
stack at sp + 0 slots: 0x00007fff6724ce0e jvm.dll
stack at sp + 1 slots: 0x0000000085770801 is pointing into object: java.util.zip.ZipFile$CleanableResource$FinalizableResource 
{0x00000000857707f8} - klass: 'java/util/zip/ZipFile$CleanableResource$FinalizableResource'
stack at sp + 2 slots: 0x0000022a85c4ecf0 points into unknown readable memory: 0x00007fff677d8608 | 08 86 7d 67 ff 7f 00 00
stack at sp + 3 slots: 0x00000000857708f0 is an oop: sun.net.www.protocol.jar.URLJarFile 
{0x00000000857708f0} - klass: 'sun/net/www/protocol/jar/URLJarFile'
stack at sp + 4 slots: 0x000000008551dea8 is an oop: java.lang.String 
{0x000000008551dea8} - klass: 'java/lang/String'
stack at sp + 5 slots: 0x0000000000000001 is an unknown value
stack at sp + 6 slots: 0x00007fff6724d269 jvm.dll
stack at sp + 7 slots: 0x0000002f8583c301 is an unknown value


---------------  P R O C E S S  ---------------

Threads class SMR info:
_java_thread_list=0x0000022a85516910, length=15, elements={
0x0000022ae23cb800, 0x0000022afef92000, 0x0000022afef9d800, 0x0000022aff922800,
0x0000022afefab800, 0x0000022afefac800, 0x0000022afefb2800, 0x0000022afefb9800,
0x0000022affa4e000, 0x0000022a842b0000, 0x0000022a8441d800, 0x0000022a84f94800,
0x0000022a84f9a000, 0x0000022a84f3c000, 0x0000022a845fa000
}

Java Threads: ( => current thread )
  0x0000022ae23cb800 JavaThread "main" [_thread_blocked, id=10584, stack(0x000000c505d00000,0x000000c505e00000)]
  0x0000022afef92000 JavaThread "Reference Handler" daemon [_thread_blocked, id=388, stack(0x000000c506400000,0x000000c506500000)]
  0x0000022afef9d800 JavaThread "Finalizer" daemon [_thread_blocked, id=10836, stack(0x000000c506500000,0x000000c506600000)]
  0x0000022aff922800 JavaThread "Signal Dispatcher" daemon [_thread_blocked, id=10128, stack(0x000000c506600000,0x000000c506700000)]
  0x0000022afefab800 JavaThread "Attach Listener" daemon [_thread_blocked, id=9648, stack(0x000000c506700000,0x000000c506800000)]
  0x0000022afefac800 JavaThread "Service Thread" daemon [_thread_blocked, id=2656, stack(0x000000c506800000,0x000000c506900000)]
  0x0000022afefb2800 JavaThread "C1 CompilerThread0" daemon [_thread_blocked, id=10844, stack(0x000000c506900000,0x000000c506a00000)]
  0x0000022afefb9800 JavaThread "Sweeper thread" daemon [_thread_blocked, id=320, stack(0x000000c506a00000,0x000000c506b00000)]
  0x0000022affa4e000 JavaThread "Common-Cleaner" daemon [_thread_blocked, id=8604, stack(0x000000c506b00000,0x000000c506c00000)]
  0x0000022a842b0000 JavaThread "Monitor Ctrl-Break" daemon [_thread_in_native, id=11708, stack(0x000000c506c00000,0x000000c506d00000)]
  0x0000022a8441d800 JavaThread "RMI TCP Accept-0" daemon [_thread_in_native, id=6952, stack(0x000000c506d00000,0x000000c506e00000)]
  0x0000022a84f94800 JavaThread "Thread-0" [_thread_blocked, id=5876, stack(0x000000c507200000,0x000000c507300000)]
  0x0000022a84f9a000 JavaThread "restartedMain" [_thread_blocked, id=1776, stack(0x000000c507300000,0x000000c507400000)]
  0x0000022a84f3c000 JavaThread "RMI TCP Connection(1)-192.168.88.180" daemon [_thread_in_native, id=6848, stack(0x000000c507700000,0x000000c507800000)]
  0x0000022a845fa000 JavaThread "RMI Scheduler(0)" daemon [_thread_blocked, id=12240, stack(0x000000c507800000,0x000000c507900000)]

Other Threads:
  0x0000022afef69000 VMThread "VM Thread" [stack: 0x000000c506300000,0x000000c506400000] [id=7516]
  0x0000022a84428800 WatcherThread [stack: 0x000000c506e00000,0x000000c506f00000] [id=11592]
  0x0000022ae23e5000 GCTaskThread "GC Thread#0" [stack: 0x000000c505e00000,0x000000c505f00000] [id=11208]
  0x0000022a84ee6000 GCTaskThread "GC Thread#1" [stack: 0x000000c506f00000,0x000000c507000000] [id=9884]
  0x0000022a84589000 GCTaskThread "GC Thread#2" [stack: 0x000000c507000000,0x000000c507100000] [id=10936]
  0x0000022a845fd000 GCTaskThread "GC Thread#3" [stack: 0x000000c507400000,0x000000c507500000] [id=10972]
  0x0000022a84fa9000 GCTaskThread "GC Thread#4" [stack: 0x000000c507500000,0x000000c507600000] [id=3620]
=>0x0000022a84faa000 GCTaskThread "GC Thread#5" [stack: 0x000000c507600000,0x000000c507700000] [id=8972]
  0x0000022ae2418000 ConcurrentGCThread "G1 Main Marker" [stack: 0x000000c505f00000,0x000000c506000000] [id=12044]
  0x0000022ae2419800 ConcurrentGCThread "G1 Conc#0" [stack: 0x000000c506000000,0x000000c506100000] [id=12016]
  0x0000022a851fc000 ConcurrentGCThread "G1 Conc#1" [stack: 0x000000c507a00000,0x000000c507b00000] [id=12276]
  0x0000022ae249e800 ConcurrentGCThread "G1 Refine#0" [stack: 0x000000c506100000,0x000000c506200000] [id=1916]
  0x0000022a841ee000 ConcurrentGCThread "G1 Refine#1" [stack: 0x000000c507100000,0x000000c507200000] [id=8880]
  0x0000022afedd4800 ConcurrentGCThread "G1 Young RemSet Sampling" [stack: 0x000000c506200000,0x000000c506300000] [id=10712]

Threads with active compile tasks:

VM state:at safepoint (normal execution)

VM Mutex/Monitor currently owned by a thread:  ([mutex/lock_event])
[0x0000022ae23c7ae0] Threads_lock - owner thread: 0x0000022afef69000
[0x0000022ae23c8fb0] Heap_lock - owner thread: 0x0000022a84f9a000

Heap address: 0x0000000080c00000, size: 2036 MB, Compressed Oops mode: 32-bit
Narrow klass base: 0x0000000000000000, Narrow klass shift: 3
Compressed class space size: 1073741824 Address: 0x0000000100000000

Heap:
 garbage-first heap   total 157696K, used 106824K [0x0000000080c00000, 0x0000000100000000)
  region size 1024K, 79 young (80896K), 3 survivors (3072K)
 Metaspace       used 35327K, capacity 36709K, committed 36892K, reserved 1081344K
  class space    used 4461K, capacity 4984K, committed 5068K, reserved 1048576K
Heap Regions: E=young(eden), S=young(survivor), O=old, HS=humongous(starts), HC=humongous(continues), CS=collection set, F=free, A=archive, TAMS=top-at-mark-start (previous, next)
|   0|0x0000000080c00000, 0x0000000080d00000, 0x0000000080d00000|100%| O|  |TAMS 0x0000000080d00000, 0x0000000080c00000| Untracked 
|   1|0x0000000080d00000, 0x0000000080e00000, 0x0000000080e00000|100%| O|  |TAMS 0x0000000080e00000, 0x0000000080d00000| Untracked 
|   2|0x0000000080e00000, 0x0000000080f00000, 0x0000000080f00000|100%| O|  |TAMS 0x0000000080f00000, 0x0000000080e00000| Untracked 
|   3|0x0000000080f00000, 0x0000000081000000, 0x0000000081000000|100%| O|  |TAMS 0x0000000081000000, 0x0000000080f00000| Untracked 
|   4|0x0000000081000000, 0x0000000081100000, 0x0000000081100000|100%| O|  |TAMS 0x0000000081100000, 0x0000000081000000| Untracked 
|   5|0x0000000081100000, 0x0000000081200000, 0x0000000081200000|100%| O|  |TAMS 0x0000000081200000, 0x0000000081100000| Untracked 
|   6|0x0000000081200000, 0x0000000081300000, 0x0000000081300000|100%| O|  |TAMS 0x0000000081300000, 0x0000000081200000| Untracked 
|   7|0x0000000081300000, 0x0000000081400000, 0x0000000081400000|100%| O|  |TAMS 0x00000000813c7200, 0x0000000081300000| Untracked 
|   8|0x0000000081400000, 0x0000000081500000, 0x0000000081500000|100%| O|  |TAMS 0x0000000081400000, 0x0000000081400000| Untracked 
|   9|0x0000000081500000, 0x0000000081600000, 0x0000000081600000|100%| O|  |TAMS 0x0000000081500000, 0x0000000081500000| Untracked 
|  10|0x0000000081600000, 0x0000000081700000, 0x0000000081700000|100%| O|  |TAMS 0x0000000081600000, 0x0000000081600000| Untracked 
|  11|0x0000000081700000, 0x0000000081800000, 0x0000000081800000|100%| O|  |TAMS 0x0000000081700000, 0x0000000081700000| Untracked 
|  12|0x0000000081800000, 0x0000000081900000, 0x0000000081900000|100%| O|  |TAMS 0x0000000081800000, 0x0000000081800000| Untracked 
|  13|0x0000000081900000, 0x0000000081a00000, 0x0000000081a00000|100%| O|  |TAMS 0x0000000081900000, 0x0000000081900000| Untracked 
|  14|0x0000000081a00000, 0x0000000081b00000, 0x0000000081b00000|100%| O|  |TAMS 0x0000000081a00000, 0x0000000081a00000| Untracked 
|  15|0x0000000081b00000, 0x0000000081c00000, 0x0000000081c00000|100%| O|  |TAMS 0x0000000081b00000, 0x0000000081b00000| Untracked 
|  16|0x0000000081c00000, 0x0000000081d00000, 0x0000000081d00000|100%| O|  |TAMS 0x0000000081c00000, 0x0000000081c00000| Untracked 
|  17|0x0000000081d00000, 0x0000000081e00000, 0x0000000081e00000|100%| O|  |TAMS 0x0000000081d00000, 0x0000000081d00000| Untracked 
|  18|0x0000000081e00000, 0x0000000081f00000, 0x0000000081f00000|100%| O|  |TAMS 0x0000000081e00000, 0x0000000081e00000| Untracked 
|  19|0x0000000081f00000, 0x0000000082000000, 0x0000000082000000|100%| O|  |TAMS 0x0000000081f00000, 0x0000000081f00000| Untracked 
|  20|0x0000000082000000, 0x0000000082100000, 0x0000000082100000|100%| O|  |TAMS 0x0000000082000000, 0x0000000082000000| Untracked 
|  21|0x0000000082100000, 0x0000000082200000, 0x0000000082200000|100%| O|  |TAMS 0x0000000082100000, 0x0000000082100000| Untracked 
|  22|0x0000000082200000, 0x0000000082300000, 0x0000000082300000|100%| O|  |TAMS 0x0000000082200000, 0x0000000082200000| Untracked 
|  23|0x0000000082300000, 0x0000000082400000, 0x0000000082400000|100%| O|  |TAMS 0x0000000082300000, 0x0000000082300000| Untracked 
|  24|0x0000000082400000, 0x0000000082500000, 0x0000000082500000|100%| O|  |TAMS 0x0000000082400000, 0x0000000082400000| Untracked 
|  25|0x0000000082500000, 0x00000000825a2400, 0x0000000082600000| 63%| O|  |TAMS 0x0000000082500000, 0x0000000082500000| Untracked 
|  26|0x0000000082600000, 0x0000000082600000, 0x0000000082700000|  0%| F|  |TAMS 0x0000000082600000, 0x0000000082600000| Untracked 
|  27|0x0000000082700000, 0x0000000082700000, 0x0000000082800000|  0%| F|  |TAMS 0x0000000082700000, 0x0000000082700000| Untracked 
|  28|0x0000000082800000, 0x0000000082800000, 0x0000000082900000|  0%| F|  |TAMS 0x0000000082800000, 0x0000000082800000| Untracked 
|  29|0x0000000082900000, 0x0000000082900000, 0x0000000082a00000|  0%| F|  |TAMS 0x0000000082900000, 0x0000000082900000| Untracked 
|  30|0x0000000082a00000, 0x0000000082a00000, 0x0000000082b00000|  0%| F|  |TAMS 0x0000000082a00000, 0x0000000082a00000| Untracked 
|  31|0x0000000082b00000, 0x0000000082b00000, 0x0000000082c00000|  0%| F|  |TAMS 0x0000000082b00000, 0x0000000082b00000| Untracked 
|  32|0x0000000082c00000, 0x0000000082c00000, 0x0000000082d00000|  0%| F|  |TAMS 0x0000000082c00000, 0x0000000082c00000| Untracked 
|  33|0x0000000082d00000, 0x0000000082d00000, 0x0000000082e00000|  0%| F|  |TAMS 0x0000000082d00000, 0x0000000082d00000| Untracked 
|  34|0x0000000082e00000, 0x0000000082e00000, 0x0000000082f00000|  0%| F|  |TAMS 0x0000000082e00000, 0x0000000082e00000| Untracked 
|  35|0x0000000082f00000, 0x0000000082f00000, 0x0000000083000000|  0%| F|  |TAMS 0x0000000082f00000, 0x0000000082f00000| Untracked 
|  36|0x0000000083000000, 0x0000000083000000, 0x0000000083100000|  0%| F|  |TAMS 0x0000000083000000, 0x0000000083000000| Untracked 
|  37|0x0000000083100000, 0x0000000083100000, 0x0000000083200000|  0%| F|  |TAMS 0x0000000083100000, 0x0000000083100000| Untracked 
|  38|0x0000000083200000, 0x0000000083200000, 0x0000000083300000|  0%| F|  |TAMS 0x0000000083200000, 0x0000000083200000| Untracked 
|  39|0x0000000083300000, 0x0000000083300000, 0x0000000083400000|  0%| F|  |TAMS 0x0000000083300000, 0x0000000083300000| Untracked 
|  40|0x0000000083400000, 0x0000000083400000, 0x0000000083500000|  0%| F|  |TAMS 0x0000000083400000, 0x0000000083400000| Untracked 
|  41|0x0000000083500000, 0x0000000083500000, 0x0000000083600000|  0%| F|  |TAMS 0x0000000083500000, 0x0000000083500000| Untracked 
|  42|0x0000000083600000, 0x0000000083600000, 0x0000000083700000|  0%| F|  |TAMS 0x0000000083600000, 0x0000000083600000| Untracked 
|  43|0x0000000083700000, 0x0000000083700000, 0x0000000083800000|  0%| F|  |TAMS 0x0000000083700000, 0x0000000083700000| Untracked 
|  44|0x0000000083800000, 0x0000000083800000, 0x0000000083900000|  0%| F|  |TAMS 0x0000000083800000, 0x0000000083800000| Untracked 
|  45|0x0000000083900000, 0x0000000083900000, 0x0000000083a00000|  0%| F|  |TAMS 0x0000000083900000, 0x0000000083900000| Untracked 
|  46|0x0000000083a00000, 0x0000000083a00000, 0x0000000083b00000|  0%| F|  |TAMS 0x0000000083a00000, 0x0000000083a00000| Untracked 
|  47|0x0000000083b00000, 0x0000000083b00000, 0x0000000083c00000|  0%| F|  |TAMS 0x0000000083b00000, 0x0000000083b00000| Untracked 
|  48|0x0000000083c00000, 0x0000000083c00000, 0x0000000083d00000|  0%| F|  |TAMS 0x0000000083c00000, 0x0000000083c00000| Untracked 
|  49|0x0000000083d00000, 0x0000000083d00000, 0x0000000083e00000|  0%| F|  |TAMS 0x0000000083d00000, 0x0000000083d00000| Untracked 
|  50|0x0000000083e00000, 0x0000000083e00000, 0x0000000083f00000|  0%| F|  |TAMS 0x0000000083e00000, 0x0000000083e00000| Untracked 
|  51|0x0000000083f00000, 0x0000000083f00000, 0x0000000084000000|  0%| F|  |TAMS 0x0000000083f00000, 0x0000000083f00000| Untracked 
|  52|0x0000000084000000, 0x0000000084000000, 0x0000000084100000|  0%| F|  |TAMS 0x0000000084000000, 0x0000000084000000| Untracked 
|  53|0x0000000084100000, 0x0000000084100000, 0x0000000084200000|  0%| F|  |TAMS 0x0000000084100000, 0x0000000084100000| Untracked 
|  54|0x0000000084200000, 0x0000000084200000, 0x0000000084300000|  0%| F|  |TAMS 0x0000000084200000, 0x0000000084200000| Untracked 
|  55|0x0000000084300000, 0x0000000084300000, 0x0000000084400000|  0%| F|  |TAMS 0x0000000084300000, 0x0000000084300000| Untracked 
|  56|0x0000000084400000, 0x0000000084400000, 0x0000000084500000|  0%| F|  |TAMS 0x0000000084400000, 0x0000000084400000| Untracked 
|  57|0x0000000084500000, 0x0000000084500000, 0x0000000084600000|  0%| F|  |TAMS 0x0000000084500000, 0x0000000084500000| Untracked 
|  58|0x0000000084600000, 0x0000000084600000, 0x0000000084700000|  0%| F|  |TAMS 0x0000000084600000, 0x0000000084600000| Untracked 
|  59|0x0000000084700000, 0x0000000084700000, 0x0000000084800000|  0%| F|  |TAMS 0x0000000084700000, 0x0000000084700000| Untracked 
|  60|0x0000000084800000, 0x0000000084800000, 0x0000000084900000|  0%| F|  |TAMS 0x0000000084800000, 0x0000000084800000| Untracked 
|  61|0x0000000084900000, 0x0000000084900000, 0x0000000084a00000|  0%| F|  |TAMS 0x0000000084900000, 0x0000000084900000| Untracked 
|  62|0x0000000084a00000, 0x0000000084a00000, 0x0000000084b00000|  0%| F|  |TAMS 0x0000000084a00000, 0x0000000084a00000| Untracked 
|  63|0x0000000084b00000, 0x0000000084b00000, 0x0000000084c00000|  0%| F|  |TAMS 0x0000000084b00000, 0x0000000084b00000| Untracked 
|  64|0x0000000084c00000, 0x0000000084c00000, 0x0000000084d00000|  0%| F|  |TAMS 0x0000000084c00000, 0x0000000084c00000| Untracked 
|  65|0x0000000084d00000, 0x0000000084d00000, 0x0000000084e00000|  0%| F|  |TAMS 0x0000000084d00000, 0x0000000084d00000| Untracked 
|  66|0x0000000084e00000, 0x0000000084e00000, 0x0000000084f00000|  0%| F|  |TAMS 0x0000000084e00000, 0x0000000084e00000| Untracked 
|  67|0x0000000084f00000, 0x0000000084f00000, 0x0000000085000000|  0%| F|  |TAMS 0x0000000084f00000, 0x0000000084f00000| Untracked 
|  68|0x0000000085000000, 0x0000000085000000, 0x0000000085100000|  0%| F|  |TAMS 0x0000000085000000, 0x0000000085000000| Untracked 
|  69|0x0000000085100000, 0x0000000085100000, 0x0000000085200000|  0%| F|  |TAMS 0x0000000085100000, 0x0000000085100000| Untracked 
|  70|0x0000000085200000, 0x0000000085200000, 0x0000000085300000|  0%| F|  |TAMS 0x0000000085200000, 0x0000000085200000| Untracked 
|  71|0x0000000085300000, 0x00000000853affc0, 0x0000000085400000| 68%| E|CS|TAMS 0x0000000085300000, 0x0000000085300000| Complete 
|  72|0x0000000085400000, 0x0000000085500000, 0x0000000085500000|100%| E|CS|TAMS 0x0000000085400000, 0x0000000085400000| Complete 
|  73|0x0000000085500000, 0x0000000085600000, 0x0000000085600000|100%| E|CS|TAMS 0x0000000085500000, 0x0000000085500000| Complete 
|  74|0x0000000085600000, 0x0000000085600000, 0x0000000085700000|  0%| F|  |TAMS 0x0000000085600000, 0x0000000085600000| Untracked 
|  75|0x0000000085700000, 0x0000000085800000, 0x0000000085800000|100%| S|  |TAMS 0x0000000085700000, 0x0000000085700000| Complete 
|  76|0x0000000085800000, 0x0000000085900000, 0x0000000085900000|100%| S|  |TAMS 0x0000000085800000, 0x0000000085800000| Complete 
|  77|0x0000000085900000, 0x0000000085a00000, 0x0000000085a00000|100%| S|  |TAMS 0x0000000085900000, 0x0000000085900000| Complete 
|  78|0x0000000085a00000, 0x0000000085b00000, 0x0000000085b00000|100%| E|CS|TAMS 0x0000000085a00000, 0x0000000085a00000| Complete 
|  79|0x0000000085b00000, 0x0000000085c00000, 0x0000000085c00000|100%| E|CS|TAMS 0x0000000085b00000, 0x0000000085b00000| Complete 
|  80|0x0000000085c00000, 0x0000000085d00000, 0x0000000085d00000|100%| E|CS|TAMS 0x0000000085c00000, 0x0000000085c00000| Complete 
|  81|0x0000000085d00000, 0x0000000085e00000, 0x0000000085e00000|100%| E|CS|TAMS 0x0000000085d00000, 0x0000000085d00000| Complete 
|  82|0x0000000085e00000, 0x0000000085f00000, 0x0000000085f00000|100%| E|CS|TAMS 0x0000000085e00000, 0x0000000085e00000| Complete 
|  83|0x0000000085f00000, 0x0000000086000000, 0x0000000086000000|100%| E|CS|TAMS 0x0000000085f00000, 0x0000000085f00000| Complete 
|  84|0x0000000086000000, 0x0000000086100000, 0x0000000086100000|100%| E|CS|TAMS 0x0000000086000000, 0x0000000086000000| Complete 
|  85|0x0000000086100000, 0x0000000086200000, 0x0000000086200000|100%| E|CS|TAMS 0x0000000086100000, 0x0000000086100000| Complete 
|  86|0x0000000086200000, 0x0000000086300000, 0x0000000086300000|100%| E|CS|TAMS 0x0000000086200000, 0x0000000086200000| Complete 
|  87|0x0000000086300000, 0x0000000086400000, 0x0000000086400000|100%| E|CS|TAMS 0x0000000086300000, 0x0000000086300000| Complete 
|  88|0x0000000086400000, 0x0000000086500000, 0x0000000086500000|100%| E|CS|TAMS 0x0000000086400000, 0x0000000086400000| Complete 
|  89|0x0000000086500000, 0x0000000086600000, 0x0000000086600000|100%| E|CS|TAMS 0x0000000086500000, 0x0000000086500000| Complete 
|  90|0x0000000086600000, 0x0000000086700000, 0x0000000086700000|100%| E|CS|TAMS 0x0000000086600000, 0x0000000086600000| Complete 
|  91|0x0000000086700000, 0x0000000086800000, 0x0000000086800000|100%| E|CS|TAMS 0x0000000086700000, 0x0000000086700000| Complete 
|  92|0x0000000086800000, 0x0000000086900000, 0x0000000086900000|100%| E|CS|TAMS 0x0000000086800000, 0x0000000086800000| Complete 
|  93|0x0000000086900000, 0x0000000086a00000, 0x0000000086a00000|100%| E|CS|TAMS 0x0000000086900000, 0x0000000086900000| Complete 
|  94|0x0000000086a00000, 0x0000000086b00000, 0x0000000086b00000|100%| E|CS|TAMS 0x0000000086a00000, 0x0000000086a00000| Complete 
|  95|0x0000000086b00000, 0x0000000086c00000, 0x0000000086c00000|100%| E|CS|TAMS 0x0000000086b00000, 0x0000000086b00000| Complete 
|  96|0x0000000086c00000, 0x0000000086d00000, 0x0000000086d00000|100%| E|CS|TAMS 0x0000000086c00000, 0x0000000086c00000| Complete 
|  97|0x0000000086d00000, 0x0000000086e00000, 0x0000000086e00000|100%| E|CS|TAMS 0x0000000086d00000, 0x0000000086d00000| Complete 
|  98|0x0000000086e00000, 0x0000000086f00000, 0x0000000086f00000|100%| E|CS|TAMS 0x0000000086e00000, 0x0000000086e00000| Complete 
|  99|0x0000000086f00000, 0x0000000087000000, 0x0000000087000000|100%| E|CS|TAMS 0x0000000086f00000, 0x0000000086f00000| Complete 
| 100|0x0000000087000000, 0x0000000087100000, 0x0000000087100000|100%| E|CS|TAMS 0x0000000087000000, 0x0000000087000000| Complete 
| 101|0x0000000087100000, 0x0000000087200000, 0x0000000087200000|100%| E|CS|TAMS 0x0000000087100000, 0x0000000087100000| Complete 
| 102|0x0000000087200000, 0x0000000087300000, 0x0000000087300000|100%| E|CS|TAMS 0x0000000087200000, 0x0000000087200000| Complete 
| 103|0x0000000087300000, 0x0000000087400000, 0x0000000087400000|100%| E|CS|TAMS 0x0000000087300000, 0x0000000087300000| Complete 
| 104|0x0000000087400000, 0x0000000087500000, 0x0000000087500000|100%| E|CS|TAMS 0x0000000087400000, 0x0000000087400000| Complete 
| 105|0x0000000087500000, 0x0000000087600000, 0x0000000087600000|100%| E|CS|TAMS 0x0000000087500000, 0x0000000087500000| Complete 
| 106|0x0000000087600000, 0x0000000087700000, 0x0000000087700000|100%| E|CS|TAMS 0x0000000087600000, 0x0000000087600000| Complete 
| 107|0x0000000087700000, 0x0000000087800000, 0x0000000087800000|100%| E|CS|TAMS 0x0000000087700000, 0x0000000087700000| Complete 
| 108|0x0000000087800000, 0x0000000087900000, 0x0000000087900000|100%| E|CS|TAMS 0x0000000087800000, 0x0000000087800000| Complete 
| 109|0x0000000087900000, 0x0000000087a00000, 0x0000000087a00000|100%| E|CS|TAMS 0x0000000087900000, 0x0000000087900000| Complete 
| 110|0x0000000087a00000, 0x0000000087b00000, 0x0000000087b00000|100%| E|CS|TAMS 0x0000000087a00000, 0x0000000087a00000| Complete 
| 111|0x0000000087b00000, 0x0000000087c00000, 0x0000000087c00000|100%| E|CS|TAMS 0x0000000087b00000, 0x0000000087b00000| Complete 
| 112|0x0000000087c00000, 0x0000000087d00000, 0x0000000087d00000|100%| E|CS|TAMS 0x0000000087c00000, 0x0000000087c00000| Complete 
| 113|0x0000000087d00000, 0x0000000087e00000, 0x0000000087e00000|100%| E|CS|TAMS 0x0000000087d00000, 0x0000000087d00000| Complete 
| 114|0x0000000087e00000, 0x0000000087f00000, 0x0000000087f00000|100%| E|CS|TAMS 0x0000000087e00000, 0x0000000087e00000| Complete 
| 115|0x0000000087f00000, 0x0000000088000000, 0x0000000088000000|100%| E|CS|TAMS 0x0000000087f00000, 0x0000000087f00000| Complete 
| 116|0x0000000088000000, 0x0000000088100000, 0x0000000088100000|100%| E|CS|TAMS 0x0000000088000000, 0x0000000088000000| Complete 
| 117|0x0000000088100000, 0x0000000088200000, 0x0000000088200000|100%| E|CS|TAMS 0x0000000088100000, 0x0000000088100000| Complete 
| 118|0x0000000088200000, 0x0000000088300000, 0x0000000088300000|100%| E|CS|TAMS 0x0000000088200000, 0x0000000088200000| Complete 
| 119|0x0000000088300000, 0x0000000088400000, 0x0000000088400000|100%| E|CS|TAMS 0x0000000088300000, 0x0000000088300000| Complete 
| 120|0x0000000088400000, 0x0000000088500000, 0x0000000088500000|100%| E|CS|TAMS 0x0000000088400000, 0x0000000088400000| Complete 
| 121|0x0000000088500000, 0x0000000088600000, 0x0000000088600000|100%| E|CS|TAMS 0x0000000088500000, 0x0000000088500000| Complete 
| 122|0x0000000088600000, 0x0000000088700000, 0x0000000088700000|100%| E|CS|TAMS 0x0000000088600000, 0x0000000088600000| Complete 
| 123|0x0000000088700000, 0x0000000088800000, 0x0000000088800000|100%| E|CS|TAMS 0x0000000088700000, 0x0000000088700000| Complete 
| 124|0x0000000088800000, 0x0000000088900000, 0x0000000088900000|100%| E|CS|TAMS 0x0000000088800000, 0x0000000088800000| Complete 
| 125|0x0000000088900000, 0x0000000088a00000, 0x0000000088a00000|100%| E|CS|TAMS 0x0000000088900000, 0x0000000088900000| Complete 
| 126|0x0000000088a00000, 0x0000000088b00000, 0x0000000088b00000|100%| E|CS|TAMS 0x0000000088a00000, 0x0000000088a00000| Complete 
| 127|0x0000000088b00000, 0x0000000088c00000, 0x0000000088c00000|100%| E|CS|TAMS 0x0000000088b00000, 0x0000000088b00000| Complete 
| 128|0x0000000088c00000, 0x0000000088d00000, 0x0000000088d00000|100%| E|CS|TAMS 0x0000000088c00000, 0x0000000088c00000| Complete 
| 129|0x0000000088d00000, 0x0000000088e00000, 0x0000000088e00000|100%| E|CS|TAMS 0x0000000088d00000, 0x0000000088d00000| Complete 
| 130|0x0000000088e00000, 0x0000000088f00000, 0x0000000088f00000|100%| E|CS|TAMS 0x0000000088e00000, 0x0000000088e00000| Complete 
| 131|0x0000000088f00000, 0x0000000089000000, 0x0000000089000000|100%| E|CS|TAMS 0x0000000088f00000, 0x0000000088f00000| Complete 
| 132|0x0000000089000000, 0x0000000089100000, 0x0000000089100000|100%| E|CS|TAMS 0x0000000089000000, 0x0000000089000000| Complete 
| 133|0x0000000089100000, 0x0000000089200000, 0x0000000089200000|100%| E|CS|TAMS 0x0000000089100000, 0x0000000089100000| Complete 
| 134|0x0000000089200000, 0x0000000089300000, 0x0000000089300000|100%| E|CS|TAMS 0x0000000089200000, 0x0000000089200000| Complete 
| 135|0x0000000089300000, 0x0000000089400000, 0x0000000089400000|100%| E|CS|TAMS 0x0000000089300000, 0x0000000089300000| Complete 
| 136|0x0000000089400000, 0x0000000089500000, 0x0000000089500000|100%| E|CS|TAMS 0x0000000089400000, 0x0000000089400000| Complete 
| 137|0x0000000089500000, 0x0000000089600000, 0x0000000089600000|100%| E|CS|TAMS 0x0000000089500000, 0x0000000089500000| Complete 
| 138|0x0000000089600000, 0x0000000089700000, 0x0000000089700000|100%| E|CS|TAMS 0x0000000089600000, 0x0000000089600000| Complete 
| 139|0x0000000089700000, 0x0000000089800000, 0x0000000089800000|100%| E|CS|TAMS 0x0000000089700000, 0x0000000089700000| Complete 
| 140|0x0000000089800000, 0x0000000089900000, 0x0000000089900000|100%| E|CS|TAMS 0x0000000089800000, 0x0000000089800000| Complete 
| 141|0x0000000089900000, 0x0000000089a00000, 0x0000000089a00000|100%| E|CS|TAMS 0x0000000089900000, 0x0000000089900000| Complete 
| 142|0x0000000089a00000, 0x0000000089b00000, 0x0000000089b00000|100%| E|CS|TAMS 0x0000000089a00000, 0x0000000089a00000| Complete 
| 143|0x0000000089b00000, 0x0000000089c00000, 0x0000000089c00000|100%| E|CS|TAMS 0x0000000089b00000, 0x0000000089b00000| Complete 
| 144|0x0000000089c00000, 0x0000000089d00000, 0x0000000089d00000|100%| E|CS|TAMS 0x0000000089c00000, 0x0000000089c00000| Complete 
| 145|0x0000000089d00000, 0x0000000089e00000, 0x0000000089e00000|100%| E|CS|TAMS 0x0000000089d00000, 0x0000000089d00000| Complete 
| 146|0x0000000089e00000, 0x0000000089f00000, 0x0000000089f00000|100%| E|CS|TAMS 0x0000000089e00000, 0x0000000089e00000| Complete 
| 147|0x0000000089f00000, 0x000000008a000000, 0x000000008a000000|100%| E|CS|TAMS 0x0000000089f00000, 0x0000000089f00000| Complete 
| 148|0x000000008a000000, 0x000000008a100000, 0x000000008a100000|100%| E|CS|TAMS 0x000000008a000000, 0x000000008a000000| Complete 
| 149|0x000000008a100000, 0x000000008a200000, 0x000000008a200000|100%| E|CS|TAMS 0x000000008a100000, 0x000000008a100000| Complete 
| 150|0x000000008a200000, 0x000000008a300000, 0x000000008a300000|100%| E|CS|TAMS 0x000000008a200000, 0x000000008a200000| Complete 
| 151|0x000000008a300000, 0x000000008a400000, 0x000000008a400000|100%| E|CS|TAMS 0x000000008a300000, 0x000000008a300000| Complete 
| 152|0x000000008a400000, 0x000000008a500000, 0x000000008a500000|100%| E|CS|TAMS 0x000000008a400000, 0x000000008a400000| Complete 
| 153|0x000000008a500000, 0x000000008a600000, 0x000000008a600000|100%| E|CS|TAMS 0x000000008a500000, 0x000000008a500000| Complete 

Card table byte_map: [0x0000022afbf00000,0x0000022afc300000] _byte_map_base: 0x0000022afbafa000

Marking Bits (Prev, Next): (CMBitMap*) 0x0000022ae240e508, (CMBitMap*) 0x0000022ae240e540
 Prev Bits: [0x0000022afc700000, 0x0000022afe6d0000)
 Next Bits: [0x0000022a80000000, 0x0000022a81fd0000)

Polling page: 0x0000022ae24a0000

Metaspace:

Usage:
  Non-class:     30.98 MB capacity,    30.14 MB ( 97%) used,   716.84 KB (  2%) free+waste,   142.31 KB ( <1%) overhead. 
      Class:      4.87 MB capacity,     4.36 MB ( 90%) used,   450.72 KB (  9%) free+waste,    71.63 KB (  1%) overhead. 
       Both:     35.85 MB capacity,    34.50 MB ( 96%) used,     1.14 MB (  3%) free+waste,   213.94 KB ( <1%) overhead. 

Virtual space:
  Non-class space:       32.00 MB reserved,      31.08 MB ( 97%) committed 
      Class space:        1.00 GB reserved,       4.95 MB ( <1%) committed 
             Both:        1.03 GB reserved,      36.03 MB (  3%) committed 

Chunk freelists:
   Non-Class:  3.00 KB
       Class:  8.00 KB
        Both:  11.00 KB

MaxMetaspaceSize: 17179869184.00 GB
CompressedClassSpaceSize: 1.00 GB

CodeHeap 'non-profiled nmethods': size=238912Kb used=5843Kb max_used=5843Kb free=233068Kb
 bounds [0x0000022aec970000, 0x0000022aecf30000, 0x0000022afb2c0000]
CodeHeap 'non-nmethods': size=6848Kb used=1158Kb max_used=1158Kb free=5689Kb
 bounds [0x0000022aec2c0000, 0x0000022aec530000, 0x0000022aec970000]
 total_blobs=4246 nmethods=3752 adapters=421
 compilation: enabled
              stopped_count=0, restarted_count=0
 full_count=0

Compilation events (20 events):
Event: 6.168 Thread 0x0000022afefb2800 3741       1       java.io.ObjectInputStream$HandleTable::lookupException (29 bytes)
Event: 6.168 Thread 0x0000022afefb2800 nmethod 3741 0x0000022aecf21d10 code [0x0000022aecf21ec0, 0x0000022aecf22038]
Event: 6.168 Thread 0x0000022afefb2800 3742       1       java.io.ObjectStreamClass::getSerialVersionUID (33 bytes)
Event: 6.168 Thread 0x0000022afefb2800 nmethod 3742 0x0000022aecf22190 code [0x0000022aecf22360, 0x0000022aecf225a8]
Event: 6.202 Thread 0x0000022afefb2800 3746       1       org.springframework.core.type.classreading.MergedAnnotationReadingVisitor::visitArray (16 bytes)
Event: 6.203 Thread 0x0000022afefb2800 nmethod 3746 0x0000022aecf22690 code [0x0000022aecf22860, 0x0000022aecf22cc8]
Event: 6.203 Thread 0x0000022afefb2800 3747       1       org.springframework.core.type.classreading.MergedAnnotationReadingVisitor$$Lambda$368/0x000000010036e440::get$Lambda (10 bytes)
Event: 6.203 Thread 0x0000022afefb2800 nmethod 3747 0x0000022aecf22e10 code [0x0000022aecf22fc0, 0x0000022aecf23158]
Event: 6.203 Thread 0x0000022afefb2800 3748       1       org.springframework.core.type.classreading.MergedAnnotationReadingVisitor$$Lambda$368/0x000000010036e440::<init> (15 bytes)
Event: 6.203 Thread 0x0000022afefb2800 nmethod 3748 0x0000022aecf23210 code [0x0000022aecf233c0, 0x0000022aecf23518]
Event: 6.203 Thread 0x0000022afefb2800 3749       1       org.springframework.core.type.classreading.MergedAnnotationReadingVisitor$ArrayVisitor::<init> (28 bytes)
Event: 6.203 Thread 0x0000022afefb2800 nmethod 3749 0x0000022aecf23590 code [0x0000022aecf23760, 0x0000022aecf23a48]
Event: 6.203 Thread 0x0000022afefb2800 3750       1       org.springframework.core.type.classreading.MergedAnnotationReadingVisitor$ArrayVisitor::visitEnd (45 bytes)
Event: 6.203 Thread 0x0000022afefb2800 nmethod 3750 0x0000022aecf23b10 code [0x0000022aecf23d00, 0x0000022aecf23ec8]
Event: 6.203 Thread 0x0000022afefb2800 3751       1       org.springframework.core.type.classreading.MergedAnnotationReadingVisitor$ArrayVisitor::getComponentType (46 bytes)
Event: 6.204 Thread 0x0000022afefb2800 nmethod 3751 0x0000022aecf24010 code [0x0000022aecf24200, 0x0000022aecf24428]
Event: 6.209 Thread 0x0000022afefb2800 3752       1       java.util.LinkedHashMap$LinkedEntrySet::iterator (12 bytes)
Event: 6.209 Thread 0x0000022afefb2800 nmethod 3752 0x0000022aecf24590 code [0x0000022aecf24740, 0x0000022aecf24978]
Event: 6.209 Thread 0x0000022afefb2800 3753       1       java.util.LinkedHashMap$LinkedEntryIterator::<init> (11 bytes)
Event: 6.209 Thread 0x0000022afefb2800 nmethod 3753 0x0000022aecf24a90 code [0x0000022aecf24c40, 0x0000022aecf24e58]

GC Heap History (19 events):
Event: 1.704 GC heap before
{Heap before GC invocations=0 (full 0):
 garbage-first heap   total 131072K, used 21504K [0x0000000080c00000, 0x0000000100000000)
  region size 1024K, 22 young (22528K), 0 survivors (0K)
 Metaspace       used 13869K, capacity 14178K, committed 14464K, reserved 1062912K
  class space    used 1449K, capacity 1560K, committed 1664K, reserved 1048576K
}
Event: 1.715 GC heap after
{Heap after GC invocations=1 (full 0):
 garbage-first heap   total 131072K, used 6060K [0x0000000080c00000, 0x0000000100000000)
  region size 1024K, 3 young (3072K), 3 survivors (3072K)
 Metaspace       used 13869K, capacity 14178K, committed 14464K, reserved 1062912K
  class space    used 1449K, capacity 1560K, committed 1664K, reserved 1048576K
}
Event: 1.934 GC heap before
{Heap before GC invocations=1 (full 0):
 garbage-first heap   total 131072K, used 21420K [0x0000000080c00000, 0x0000000100000000)
  region size 1024K, 18 young (18432K), 3 survivors (3072K)
 Metaspace       used 14859K, capacity 15291K, committed 15616K, reserved 1062912K
  class space    used 1573K, capacity 1719K, committed 1792K, reserved 1048576K
}
Event: 1.963 GC heap after
{Heap after GC invocations=2 (full 0):
 garbage-first heap   total 131072K, used 6411K [0x0000000080c00000, 0x0000000100000000)
  region size 1024K, 1 young (1024K), 1 survivors (1024K)
 Metaspace       used 14859K, capacity 15291K, committed 15616K, reserved 1062912K
  class space    used 1573K, capacity 1719K, committed 1792K, reserved 1048576K
}
Event: 2.484 GC heap before
{Heap before GC invocations=2 (full 0):
 garbage-first heap   total 131072K, used 37131K [0x0000000080c00000, 0x0000000100000000)
  region size 1024K, 33 young (33792K), 1 survivors (1024K)
 Metaspace       used 20422K, capacity 21163K, committed 21296K, reserved 1069056K
  class space    used 2353K, capacity 2642K, committed 2688K, reserved 1048576K
}
Event: 2.488 GC heap after
{Heap after GC invocations=3 (full 0):
 garbage-first heap   total 131072K, used 8400K [0x0000000080c00000, 0x0000000100000000)
  region size 1024K, 3 young (3072K), 3 survivors (3072K)
 Metaspace       used 20422K, capacity 21163K, committed 21296K, reserved 1069056K
  class space    used 2353K, capacity 2642K, committed 2688K, reserved 1048576K
}
Event: 2.913 GC heap before
{Heap before GC invocations=4 (full 0):
 garbage-first heap   total 131072K, used 67792K [0x0000000080c00000, 0x0000000100000000)
  region size 1024K, 62 young (63488K), 3 survivors (3072K)
 Metaspace       used 27403K, capacity 28345K, committed 28592K, reserved 1075200K
  class space    used 3387K, capacity 3737K, committed 3840K, reserved 1048576K
}
Event: 2.920 GC heap after
{Heap after GC invocations=5 (full 0):
 garbage-first heap   total 131072K, used 10419K [0x0000000080c00000, 0x0000000100000000)
  region size 1024K, 5 young (5120K), 5 survivors (5120K)
 Metaspace       used 27403K, capacity 28345K, committed 28592K, reserved 1075200K
  class space    used 3387K, capacity 3737K, committed 3840K, reserved 1048576K
}
Event: 3.925 GC heap before
{Heap before GC invocations=5 (full 0):
 garbage-first heap   total 131072K, used 83123K [0x0000000080c00000, 0x0000000100000000)
  region size 1024K, 76 young (77824K), 5 survivors (5120K)
 Metaspace       used 33530K, capacity 34732K, committed 34864K, reserved 1079296K
  class space    used 4202K, capacity 4668K, committed 4736K, reserved 1048576K
}
Event: 3.935 GC heap after
{Heap after GC invocations=6 (full 0):
 garbage-first heap   total 131072K, used 13272K [0x0000000080c00000, 0x0000000100000000)
  region size 1024K, 7 young (7168K), 7 survivors (7168K)
 Metaspace       used 33530K, capacity 34732K, committed 34864K, reserved 1079296K
  class space    used 4202K, capacity 4668K, committed 4736K, reserved 1048576K
}
Event: 4.218 GC heap before
{Heap before GC invocations=6 (full 0):
 garbage-first heap   total 131072K, used 31704K [0x0000000080c00000, 0x0000000100000000)
  region size 1024K, 27 young (27648K), 7 survivors (7168K)
 Metaspace       used 34617K, capacity 35880K, committed 35920K, reserved 1081344K
  class space    used 4348K, capacity 4837K, committed 4864K, reserved 1048576K
}
Event: 4.233 GC heap after
{Heap after GC invocations=7 (full 0):
 garbage-first heap   total 157696K, used 14076K [0x0000000080c00000, 0x0000000100000000)
  region size 1024K, 6 young (6144K), 6 survivors (6144K)
 Metaspace       used 34617K, capacity 35880K, committed 35920K, reserved 1081344K
  class space    used 4348K, capacity 4837K, committed 4864K, reserved 1048576K
}
Event: 4.708 GC heap before
{Heap before GC invocations=8 (full 0):
 garbage-first heap   total 157696K, used 88828K [0x0000000080c00000, 0x0000000100000000)
  region size 1024K, 79 young (80896K), 6 survivors (6144K)
 Metaspace       used 35195K, capacity 36537K, committed 36892K, reserved 1081344K
  class space    used 4442K, capacity 4948K, committed 5068K, reserved 1048576K
}
Event: 4.720 GC heap after
{Heap after GC invocations=9 (full 0):
 garbage-first heap   total 157696K, used 20003K [0x0000000080c00000, 0x0000000100000000)
  region size 1024K, 10 young (10240K), 10 survivors (10240K)
 Metaspace       used 35195K, capacity 36537K, committed 36892K, reserved 1081344K
  class space    used 4442K, capacity 4948K, committed 5068K, reserved 1048576K
}
Event: 4.910 GC heap before
{Heap before GC invocations=9 (full 0):
 garbage-first heap   total 157696K, used 95779K [0x0000000080c00000, 0x0000000100000000)
  region size 1024K, 84 young (86016K), 10 survivors (10240K)
 Metaspace       used 35196K, capacity 36537K, committed 36892K, reserved 1081344K
  class space    used 4442K, capacity 4948K, committed 5068K, reserved 1048576K
}
Event: 4.922 GC heap after
{Heap after GC invocations=10 (full 0):
 garbage-first heap   total 157696K, used 25982K [0x0000000080c00000, 0x0000000100000000)
  region size 1024K, 11 young (11264K), 11 survivors (11264K)
 Metaspace       used 35196K, capacity 36537K, committed 36892K, reserved 1081344K
  class space    used 4442K, capacity 4948K, committed 5068K, reserved 1048576K
}
Event: 5.436 GC heap before
{Heap before GC invocations=10 (full 0):
 garbage-first heap   total 157696K, used 102782K [0x0000000080c00000, 0x0000000100000000)
  region size 1024K, 86 young (88064K), 11 survivors (11264K)
 Metaspace       used 35260K, capacity 36642K, committed 36892K, reserved 1081344K
  class space    used 4454K, capacity 4983K, committed 5068K, reserved 1048576K
}
Event: 5.447 GC heap after
{Heap after GC invocations=11 (full 0):
 garbage-first heap   total 157696K, used 29000K [0x0000000080c00000, 0x0000000100000000)
  region size 1024K, 3 young (3072K), 3 survivors (3072K)
 Metaspace       used 35260K, capacity 36642K, committed 36892K, reserved 1081344K
  class space    used 4454K, capacity 4983K, committed 5068K, reserved 1048576K
}
Event: 6.214 GC heap before
{Heap before GC invocations=11 (full 0):
 garbage-first heap   total 157696K, used 106824K [0x0000000080c00000, 0x0000000100000000)
  region size 1024K, 79 young (80896K), 3 survivors (3072K)
 Metaspace       used 35327K, capacity 36709K, committed 36892K, reserved 1081344K
  class space    used 4461K, capacity 4984K, committed 5068K, reserved 1048576K
}

Deoptimization events (0 events):
No events

Classes redefined (0 events):
No events

Internal exceptions (20 events):
Event: 2.948 Thread 0x0000022a85017000 Exception <a 'java/lang/NoSuchMethodError'{0x00000000888c2090}: 'java.lang.Object java.lang.invoke.DirectMethodHandle$Holder.invokeVirtual(java.lang.Object, java.lang.Object, java.lang.Object, java.lang.Object)'> (0x00000000888c2090) thrown at [./src/hotspot/share/interpreter/linkResolver.cpp, line 773]
Event: 3.082 Thread 0x0000022a84f3c000 Exception <a 'java/lang/reflect/InvocationTargetException'{0x0000000087c89ab0}> (0x0000000087c89ab0) thrown at [./src/hotspot/share/runtime/reflection.cpp, line 1247]
Event: 3.520 Thread 0x0000022a84f9a000 Exception <a 'java/lang/NoSuchMethodError'{0x0000000086588220}: 'void java.lang.invoke.DirectMethodHandle$Holder.invokeSpecial(java.lang.Object, java.lang.Object, java.lang.Object, java.lang.Object, java.lang.Object, java.lang.Object)'> (0x0000000086588220) thrown at [./src/hotspot/share/interpreter/linkResolver.cpp, line 773]
Event: 3.540 Thread 0x0000022a84f9a000 Exception <a 'java/lang/NoSuchMethodError'{0x00000000864bd020}: 'int java.lang.invoke.DirectMethodHandle$Holder.invokeSpecial(java.lang.Object, java.lang.Object, java.lang.Object, java.lang.Object, java.lang.Object)'> (0x00000000864bd020) thrown at [./src/hotspot/share/interpreter/linkResolver.cpp, line 773]
Event: 3.595 Thread 0x0000022a84f3c000 Exception <a 'java/lang/reflect/InvocationTargetException'{0x0000000087c96738}> (0x0000000087c96738) thrown at [./src/hotspot/share/runtime/reflection.cpp, line 1247]
Event: 3.679 Thread 0x0000022a84f9a000 Exception <a 'java/lang/NoSuchMethodError'{0x0000000085d1ec60}: 'void java.lang.invoke.DirectMethodHandle$Holder.invokeInterface(java.lang.Object, java.lang.Object, int)'> (0x0000000085d1ec60) thrown at [./src/hotspot/share/interpreter/linkResolver.cpp, line 773]
Event: 3.684 Thread 0x0000022a84f9a000 Exception <a 'java/lang/IncompatibleClassChangeError'{0x0000000085d6a068}: Found class java.lang.Object, but interface was expected> (0x0000000085d6a068) thrown at [./src/hotspot/share/interpreter/linkResolver.cpp, line 839]
Event: 3.685 Thread 0x0000022a84f9a000 Exception <a 'java/lang/NoSuchMethodError'{0x0000000085d6ef10}: 'void java.lang.invoke.DirectMethodHandle$Holder.invokeStatic(java.lang.Object, int, java.lang.Object)'> (0x0000000085d6ef10) thrown at [./src/hotspot/share/interpreter/linkResolver.cpp, line 773]
Event: 4.068 Thread 0x0000022a84f9a000 Exception <a 'java/lang/NoSuchMethodError'{0x00000000880ae2a0}: 'int java.lang.invoke.DirectMethodHandle$Holder.invokeInterface(java.lang.Object, java.lang.Object, java.lang.Object, java.lang.Object)'> (0x00000000880ae2a0) thrown at [./src/hotspot/share/interpreter/linkResolver.cpp, line 773]
Event: 4.106 Thread 0x0000022a84f3c000 Exception <a 'java/lang/reflect/InvocationTargetException'{0x0000000087d09b00}> (0x0000000087d09b00) thrown at [./src/hotspot/share/runtime/reflection.cpp, line 1247]
Event: 4.271 Thread 0x0000022a84f9a000 Exception <a 'java/lang/NoSuchMethodError'{0x000000008a483430}: 'void java.lang.invoke.DirectMethodHandle$Holder.invokeVirtual(java.lang.Object, java.lang.Object)'> (0x000000008a483430) thrown at [./src/hotspot/share/interpreter/linkResolver.cpp, line 773]
Event: 4.271 Thread 0x0000022a84f9a000 Exception <a 'java/lang/NoSuchMethodError'{0x000000008a48e778}: 'java.lang.Object java.lang.invoke.Invokers$Holder.linkToTargetMethod(java.lang.Object, int, java.lang.Object)'> (0x000000008a48e778) thrown at [./src/hotspot/share/interpreter/linkResolver.cpp, line 773]
Event: 4.439 Thread 0x0000022a84f9a000 Exception <a 'java/io/FileNotFoundException'{0x0000000089831888}> (0x0000000089831888) thrown at [./src/hotspot/share/prims/jni.cpp, line 615]
Event: 4.439 Thread 0x0000022a84f9a000 Exception <a 'java/io/FileNotFoundException'{0x0000000089832dd8}> (0x0000000089832dd8) thrown at [./src/hotspot/share/prims/jni.cpp, line 615]
Event: 4.439 Thread 0x0000022a84f9a000 Exception <a 'java/io/FileNotFoundException'{0x0000000089839cc8}> (0x0000000089839cc8) thrown at [./src/hotspot/share/prims/jni.cpp, line 615]
Event: 4.440 Thread 0x0000022a84f9a000 Exception <a 'java/io/FileNotFoundException'{0x000000008983b2a8}> (0x000000008983b2a8) thrown at [./src/hotspot/share/prims/jni.cpp, line 615]
Event: 4.615 Thread 0x0000022a84f3c000 Exception <a 'java/lang/reflect/InvocationTargetException'{0x0000000088089ba0}> (0x0000000088089ba0) thrown at [./src/hotspot/share/runtime/reflection.cpp, line 1247]
Event: 5.128 Thread 0x0000022a84f3c000 Exception <a 'java/lang/reflect/InvocationTargetException'{0x0000000088489b00}> (0x0000000088489b00) thrown at [./src/hotspot/share/runtime/reflection.cpp, line 1247]
Event: 5.646 Thread 0x0000022a84f3c000 Exception <a 'java/lang/reflect/InvocationTargetException'{0x0000000089109588}> (0x0000000089109588) thrown at [./src/hotspot/share/runtime/reflection.cpp, line 1247]
Event: 6.165 Thread 0x0000022a84f3c000 Exception <a 'java/lang/reflect/InvocationTargetException'{0x0000000085d00c28}> (0x0000000085d00c28) thrown at [./src/hotspot/share/runtime/reflection.cpp, line 1247]

Events (20 events):
Event: 5.590 loading class java/util/concurrent/CompletionStage
Event: 5.590 loading class java/util/concurrent/CompletionStage done
Event: 5.590 loading class java/util/concurrent/CompletableFuture done
Event: 5.642 Thread 0x0000022a87a75800 Thread added: 0x0000022a87a75800
Event: 5.650 Executing VM operation: RevokeBias
Event: 5.650 Executing VM operation: RevokeBias done
Event: 5.650 Thread 0x0000022a87a75800 Thread exited: 0x0000022a87a75800
Event: 5.877 loading class javax/validation/MessageInterpolator$Context
Event: 5.877 loading class javax/validation/MessageInterpolator$Context done
Event: 5.995 loading class org/springframework/core/annotation/MergedAnnotation
Event: 5.995 loading class org/springframework/core/annotation/MergedAnnotation done
Event: 6.162 Thread 0x0000022a873a8800 Thread added: 0x0000022a873a8800
Event: 6.166 Executing VM operation: RevokeBias
Event: 6.167 Executing VM operation: RevokeBias done
Event: 6.167 Thread 0x0000022a873a8800 Thread exited: 0x0000022a873a8800
Event: 6.169 loading class com/vaadin/flow/component/dependency/StyleSheet
Event: 6.169 loading class com/vaadin/flow/component/dependency/StyleSheet done
Event: 6.170 loading class com/vaadin/flow/component/dependency/StyleSheet$Container
Event: 6.170 loading class com/vaadin/flow/component/dependency/StyleSheet$Container done
Event: 6.214 Executing VM operation: G1CollectForAllocation


Dynamic libraries:
0x00007ff685690000 - 0x00007ff68569d000 	C:\Program Files\Amazon Corretto\jdk11.0.11_9\bin\java.exe
0x00007fffb5450000 - 0x00007fffb5646000 	C:\WINDOWS\SYSTEM32\ntdll.dll
0x00007fffb4d20000 - 0x00007fffb4ddd000 	C:\WINDOWS\System32\KERNEL32.DLL
0x00007fffb31e0000 - 0x00007fffb34a9000 	C:\WINDOWS\System32\KERNELBASE.dll
0x00007fffb2dc0000 - 0x00007fffb2ec0000 	C:\WINDOWS\System32\ucrtbase.dll
0x00007fffad9a0000 - 0x00007fffad9b7000 	C:\Program Files\Amazon Corretto\jdk11.0.11_9\bin\jli.dll
0x00007fffad9c0000 - 0x00007fffad9d9000 	C:\Program Files\Amazon Corretto\jdk11.0.11_9\bin\VCRUNTIME140.dll
0x00007fffb4960000 - 0x00007fffb4b00000 	C:\WINDOWS\System32\USER32.dll
0x00007fffb2b90000 - 0x00007fffb2bb2000 	C:\WINDOWS\System32\win32u.dll
0x00007fffb4780000 - 0x00007fffb47aa000 	C:\WINDOWS\System32\GDI32.dll
0x00007fffb2c10000 - 0x00007fffb2d1b000 	C:\WINDOWS\System32\gdi32full.dll
0x00007fffb2d20000 - 0x00007fffb2dbd000 	C:\WINDOWS\System32\msvcp_win.dll
0x00007fffaad90000 - 0x00007fffab02b000 	C:\WINDOWS\WinSxS\amd64_microsoft.windows.common-controls_6595b64144ccf1df_6.0.19041.746_none_ca02b4b61b8320a4\COMCTL32.dll
0x00007fffb4f00000 - 0x00007fffb4f9e000 	C:\WINDOWS\System32\msvcrt.dll
0x00007fffb36d0000 - 0x00007fffb3700000 	C:\WINDOWS\System32\IMM32.DLL
0x00007fffad900000 - 0x00007fffad99b000 	C:\Program Files\Amazon Corretto\jdk11.0.11_9\bin\msvcp140.dll
0x00007fff66f50000 - 0x00007fff67a9c000 	C:\Program Files\Amazon Corretto\jdk11.0.11_9\bin\server\jvm.dll
0x00007fffb3620000 - 0x00007fffb36cc000 	C:\WINDOWS\System32\ADVAPI32.dll
0x00007fffb4e60000 - 0x00007fffb4efc000 	C:\WINDOWS\System32\sechost.dll
0x00007fffb3ce0000 - 0x00007fffb3e0b000 	C:\WINDOWS\System32\RPCRT4.dll
0x00007fffb4640000 - 0x00007fffb4648000 	C:\WINDOWS\System32\PSAPI.DLL
0x00007fff924c0000 - 0x00007fff924c9000 	C:\WINDOWS\SYSTEM32\WSOCK32.dll
0x00007fffb3710000 - 0x00007fffb377b000 	C:\WINDOWS\System32\WS2_32.dll
0x00007fffaa1c0000 - 0x00007fffaa1e7000 	C:\WINDOWS\SYSTEM32\WINMM.dll
0x00007fffb2640000 - 0x00007fffb264a000 	C:\WINDOWS\SYSTEM32\VERSION.dll
0x00007fffb09b0000 - 0x00007fffb09c2000 	C:\WINDOWS\SYSTEM32\kernel.appcore.dll
0x00007fffad8f0000 - 0x00007fffad900000 	C:\Program Files\Amazon Corretto\jdk11.0.11_9\bin\verify.dll
0x00007fff91620000 - 0x00007fff91804000 	C:\WINDOWS\SYSTEM32\DBGHELP.DLL
0x00007fff924d0000 - 0x00007fff924fc000 	C:\WINDOWS\SYSTEM32\dbgcore.DLL
0x00007fffb2ef0000 - 0x00007fffb2f70000 	C:\WINDOWS\System32\bcryptPrimitives.dll
0x00007fffa7230000 - 0x00007fffa7258000 	C:\Program Files\Amazon Corretto\jdk11.0.11_9\bin\java.dll
0x00007fffa7220000 - 0x00007fffa722a000 	C:\Program Files\Amazon Corretto\jdk11.0.11_9\bin\jimage.dll
0x00007fffa7180000 - 0x00007fffa718e000 	C:\Program Files\Amazon Corretto\jdk11.0.11_9\bin\instrument.dll
0x00007fffa7200000 - 0x00007fffa7217000 	C:\Program Files\Amazon Corretto\jdk11.0.11_9\bin\zip.dll
0x00007fffb3ef0000 - 0x00007fffb4632000 	C:\WINDOWS\System32\SHELL32.dll
0x00007fffb0c90000 - 0x00007fffb1420000 	C:\WINDOWS\SYSTEM32\windows.storage.dll
0x00007fffb37e0000 - 0x00007fffb3b36000 	C:\WINDOWS\System32\combase.dll
0x00007fffb24b0000 - 0x00007fffb24dc000 	C:\WINDOWS\SYSTEM32\Wldp.dll
0x00007fffb4c70000 - 0x00007fffb4d1e000 	C:\WINDOWS\System32\SHCORE.dll
0x00007fffb4b00000 - 0x00007fffb4b55000 	C:\WINDOWS\System32\shlwapi.dll
0x00007fffb2ac0000 - 0x00007fffb2ae6000 	C:\WINDOWS\SYSTEM32\profapi.dll
0x00007fffa64e0000 - 0x00007fffa64f9000 	C:\Program Files\Amazon Corretto\jdk11.0.11_9\bin\net.dll
0x00007fff9a500000 - 0x00007fff9a600000 	C:\WINDOWS\SYSTEM32\WINHTTP.dll
0x00007fffb2230000 - 0x00007fffb229a000 	C:\WINDOWS\system32\mswsock.dll
0x00007fffa63e0000 - 0x00007fffa63f2000 	C:\Program Files\Amazon Corretto\jdk11.0.11_9\bin\nio.dll
0x00007fffa0960000 - 0x00007fffa097a000 	C:\Program Files\JetBrains\IntelliJ IDEA 2021.1.2\bin\breakgen64.dll
0x00007fffb1f60000 - 0x00007fffb202b000 	C:\WINDOWS\SYSTEM32\DNSAPI.dll
0x00007fffb1f20000 - 0x00007fffb1f5b000 	C:\WINDOWS\SYSTEM32\IPHLPAPI.DLL
0x00007fffb34b0000 - 0x00007fffb34b8000 	C:\WINDOWS\System32\NSI.dll
0x00007fff9a390000 - 0x00007fff9a39a000 	C:\Windows\System32\rasadhlp.dll
0x00007fff9a3c0000 - 0x00007fff9a43f000 	C:\WINDOWS\System32\fwpuclnt.dll
0x00007fffb2ec0000 - 0x00007fffb2ee7000 	C:\WINDOWS\System32\bcrypt.dll
0x00007fffa7100000 - 0x00007fffa7109000 	C:\Program Files\Amazon Corretto\jdk11.0.11_9\bin\management.dll
0x00007fffa6d50000 - 0x00007fffa6d5b000 	C:\Program Files\Amazon Corretto\jdk11.0.11_9\bin\management_ext.dll
0x00007fffb2410000 - 0x00007fffb2428000 	C:\WINDOWS\SYSTEM32\CRYPTSP.dll
0x00007fffb1bd0000 - 0x00007fffb1c04000 	C:\WINDOWS\system32\rsaenh.dll
0x00007fffb2a40000 - 0x00007fffb2a6e000 	C:\WINDOWS\SYSTEM32\USERENV.dll
0x00007fffb2400000 - 0x00007fffb240c000 	C:\WINDOWS\SYSTEM32\CRYPTBASE.dll
0x00007fffaad60000 - 0x00007fffaad77000 	C:\WINDOWS\SYSTEM32\dhcpcsvc6.DLL
0x00007fffaad20000 - 0x00007fffaad3d000 	C:\WINDOWS\SYSTEM32\dhcpcsvc.DLL
0x00007fffa7ba0000 - 0x00007fffa7bb7000 	C:\WINDOWS\system32\napinsp.dll
0x00007fffa7b80000 - 0x00007fffa7b9b000 	C:\WINDOWS\system32\pnrpnsp.dll
0x00007fff94810000 - 0x00007fff94825000 	C:\WINDOWS\system32\wshbth.dll
0x00007fffae620000 - 0x00007fffae63d000 	C:\WINDOWS\system32\NLAapi.dll
0x00007fffa7900000 - 0x00007fffa7912000 	C:\WINDOWS\System32\winrnr.dll

dbghelp: loaded successfully - version: 4.0.5 - missing functions: none
symbol engine: initialized successfully - sym options: 0x614 - pdb path: .;C:\Program Files\Amazon Corretto\jdk11.0.11_9\bin;C:\WINDOWS\SYSTEM32;C:\WINDOWS\WinSxS\amd64_microsoft.windows.common-controls_6595b64144ccf1df_6.0.19041.746_none_ca02b4b61b8320a4;C:\Program Files\Amazon Corretto\jdk11.0.11_9\bin\server;C:\Program Files\JetBrains\IntelliJ IDEA 2021.1.2\bin

VM Arguments:
jvm_args: -XX:TieredStopAtLevel=1 -Xverify:none -Dspring.output.ansi.enabled=always -javaagent:C:\Program Files\JetBrains\IntelliJ IDEA 2021.1.2\lib\idea_rt.jar=56597:C:\Program Files\JetBrains\IntelliJ IDEA 2021.1.2\bin -Dcom.sun.management.jmxremote -Dspring.jmx.enabled=true -Dspring.liveBeansView.mbeanDomain -Dspring.application.admin.enabled=true -Dfile.encoding=UTF-8 
java_command: com.proyecto.desarrollo.Application
java_class_path (initial): C:\Proyecto\vaadin\prueba\desarrollo-estructura\target\classes;C:\Users\robeg\.m2\repository\com\vaadin\vaadin\14.6.3\vaadin-14.6.3.jar;C:\Users\robeg\.m2\repository\com\vaadin\vaadin-core\14.6.3\vaadin-core-14.6.3.jar;C:\Users\robeg\.m2\repository\com\vaadin\flow-server\2.6.3\flow-server-2.6.3.jar;C:\Users\robeg\.m2\repository\com\vaadin\external\gwt\gwt-elemental\2.8.2.vaadin2\gwt-elemental-2.8.2.vaadin2.jar;C:\Users\robeg\.m2\repository\commons-fileupload\commons-fileupload\1.3.3\commons-fileupload-1.3.3.jar;C:\Users\robeg\.m2\repository\com\helger\ph-css\6.1.1\ph-css-6.1.1.jar;C:\Users\robeg\.m2\repository\com\helger\ph-commons\9.1.2\ph-commons-9.1.2.jar;C:\Users\robeg\.m2\repository\com\vaadin\external\gentyref\1.2.0.vaadin1\gentyref-1.2.0.vaadin1.jar;C:\Users\robeg\.m2\repository\com\vaadin\flow-lit-template\2.6.3\flow-lit-template-2.6.3.jar;C:\Users\robeg\.m2\repository\com\vaadin\flow-push\2.6.3\flow-push-2.6.3.jar;C:\Users\robeg\.m2\repository\com\vaadin\external\atmosphere\atmosphere-runtime\2.4.30.slf4jvaadin1\atmosphere-runtime-2.4.30.slf4jvaadin1.jar;C:\Users\robeg\.m2\repository\com\vaadin\flow-client\2.6.3\flow-client-2.6.3.jar;C:\Users\robeg\.m2\repository\com\vaadin\flow-html-components\2.6.3\flow-html-components-2.6.3.jar;C:\Users\robeg\.m2\repository\com\vaadin\flow-data\2.6.3\flow-data-2.6.3.jar;C:\Users\robeg\.m2\repository\javax\validation\validation-api\2.0.1.Final\validation-api-2.0.1.Final.jar;C:\Users\robeg\.m2\repository\com\vaadin\flow-dnd\2.6.3\flow-dnd-2.6.3.jar;C:\Users\robeg\.m2\repository\org\webjars\npm\vaadin__vaadin-mobile-drag-drop\1.0.0\vaadin__vaadin-mobile-drag-drop-1.0.0.jar;C:\Users\robeg\.m2\repository\org\webjars\npm\mobile-drag-drop\2.3.0-rc.1\mobile-drag-drop-2.3.0-rc.1.jar;C:\Users\robeg\.m2\repository\com\vaadin\vaadin-lumo-theme\2.6.3\vaadin-lumo-theme-2.6.3.jar;C:\Users\robeg\.m2\repository\com\vaadin\vaadin-material-theme\2.6.3\vaadin-material-theme-2.6.3.jar;C:\Users\robeg\.m2\repositor
Launcher Type: SUN_STANDARD

[Global flags]
     bool BytecodeVerificationLocal                = false                                     {product} {command line}
     bool BytecodeVerificationRemote               = false                                     {product} {command line}
     intx CICompilerCount                          = 3                                         {product} {ergonomic}
     uint ConcGCThreads                            = 2                                         {product} {ergonomic}
     uint G1ConcRefinementThreads                  = 6                                         {product} {ergonomic}
   size_t G1HeapRegionSize                         = 1048576                                   {product} {ergonomic}
    uintx GCDrainStackTargetSize                   = 64                                        {product} {ergonomic}
   size_t InitialHeapSize                          = 134217728                                 {product} {ergonomic}
     bool ManagementServer                         = true                                      {product} {command line}
   size_t MarkStackSize                            = 4194304                                   {product} {ergonomic}
   size_t MaxHeapSize                              = 2134900736                                {product} {ergonomic}
   size_t MaxNewSize                               = 1280311296                                {product} {ergonomic}
   size_t MinHeapDeltaBytes                        = 1048576                                   {product} {ergonomic}
    uintx NonNMethodCodeHeapSize                   = 6973028                                {pd product} {ergonomic}
    uintx NonProfiledCodeHeapSize                  = 244685212                              {pd product} {ergonomic}
    uintx ProfiledCodeHeapSize                     = 0                                      {pd product} {ergonomic}
    uintx ReservedCodeCacheSize                    = 251658240                              {pd product} {ergonomic}
     bool SegmentedCodeCache                       = true                                      {product} {ergonomic}
     intx TieredStopAtLevel                        = 1                                         {product} {command line}
     bool UseCompressedClassPointers               = true                                 {lp64_product} {ergonomic}
     bool UseCompressedOops                        = true                                 {lp64_product} {ergonomic}
     bool UseG1GC                                  = true                                      {product} {ergonomic}
     bool UseLargePagesIndividualAllocation        = false                                  {pd product} {ergonomic}

Logging:
Log output configuration:
 #0: stdout all=warning uptime,level,tags
 #1: stderr all=off uptime,level,tags

Environment Variables:
JAVA_HOME=C:\Program Files\Amazon Corretto\jdk11.0.11_9
PATH=C:\Program Files\Amazon Corretto\jdk11.0.11_9\bin;C:\Program Files (x86)\Common Files\Oracle\Java\javapath;C:\Python39\Scripts\;C:\Python39\;C:\WINDOWS\system32;C:\WINDOWS;C:\WINDOWS\System32\Wbem;C:\WINDOWS\System32\WindowsPowerShell\v1.0\;C:\WINDOWS\System32\OpenSSH\;C:\ProgramData\chocolatey\bin;C:\tools\php80;C:\Program Files (x86)\NVIDIA Corporation\PhysX\Common;C:\ProgramData\ComposerSetup\bin;C:\Program Files\nodejs\;C:\Programacion\flutter\bin;C:\Program Files\apache-maven-3.8.1\bin;C:\Program Files\Git\cmd;C:\Program Files (x86)\Java\jdk1.8.0_291\bin;C:\Users\robeg\AppData\Local\Microsoft\WindowsApps;C:\Users\robeg\AppData\Local\Programs\Microsoft VS Code\bin;C:\Users\robeg\AppData\Local\GitHubDesktop\bin;C:\Users\robeg\AppData\Roaming\Composer\vendor\bin;C:\Users\robeg\AppData\Roaming\npm;C:\Program Files\JetBrains\IntelliJ IDEA 2021.1.1\bin;
USERNAME=robeg
OS=Windows_NT
PROCESSOR_IDENTIFIER=AMD64 Family 21 Model 2 Stepping 0, AuthenticAMD



---------------  S Y S T E M  ---------------

OS: Windows 10 , 64 bit Build 19041 (10.0.19041.804)
OS uptime: 0 days 6:58 hours

CPU:total 6 (initial active 6) (6 cores per cpu, 1 threads per core) family 21 model 2 stepping 0 microcode 0x0, cmov, cx8, fxsr, mmx, sse, sse2, sse3, ssse3, sse4.1, sse4.2, popcnt, avx, aes, clmul, mmxext, 3dnowpref, lzcnt, sse4a, tsc, tscinvbit, tscinv, bmi1, fma

Memory: 4k page, system-wide physical 8140M (2082M free)
TotalPageFile size 10572M (AvailPageFile size 2895M)
current process WorkingSet (physical memory assigned to process): 239M, peak: 239M
current process commit charge ("private bytes"): 315M, peak: 315M

vm_info: OpenJDK 64-Bit Server VM (11.0.11+9-LTS) for windows-amd64 JRE (11.0.11+9-LTS), built on Apr 14 2021 00:00:20 by "Administrator" with MS VC++ 15.9 (VS2017)

END.
